<?xml version="1.0" encoding="UTF-8"?>
<!-- Generated by org.testng.reporters.JUnitXMLReporter -->
<testsuite ignored="0" hostname="LAPTOP-PG9U9RD9" failures="0" tests="8" name="api_test" time="3.185" errors="0" timestamp="2021-08-11T22:11:08 EDT">
  <testcase classname="api_test.GetTestWithPathVariable" name="attemptToGetUserWithInvalidId" time="1.118"/>
  <testcase classname="api_test.GetTestWithPathVariable" name="getSingleUser" time="0.532"/>
  <testcase classname="api_test.GetTestWithQueryParameter" name="getUsersWithQueryParameter" time="0.117"/>
  <testcase classname="api_test.SimpleDeleteTest" name="deleteSingleUsers" time="0.3"/>
  <testcase classname="api_test.SimpleGetTest" name="getALLUsers" time="0.1"/>
  <testcase classname="api_test.SimplePatchTest" name="updateUserSingleField" time="0.385"/>
  <testcase classname="api_test.SimplePostTest" name="createNewUser" time="0.301"/>
  <testcase classname="api_test.SimplePutTest" name="updateUserFields" time="0.316"/>
</testsuite> <!-- api_test -->
