<?xml version="1.0" encoding="UTF-8"?>
<!-- Generated by org.testng.reporters.JUnitXMLReporter -->
<testsuite ignored="0" hostname="LAPTOP-PG9U9RD9" failures="0" tests="8" name="api_test" time="4.075" errors="0" timestamp="2021-08-20T02:02:48 EDT">
  <testcase classname="api_test.GetTestWithPathVariable" name="attemptToGetUserWithInvalidId" time="1.706"/>
  <testcase classname="api_test.GetTestWithPathVariable" name="getSingleUser" time="0.486"/>
  <testcase classname="api_test.GetTestWithQueryParameter" name="getUsersWithQueryParameter" time="0.128"/>
  <testcase classname="api_test.SimpleDeleteTest" name="deleteSingleUsers" time="0.277"/>
  <testcase classname="api_test.SimpleGetTest" name="getALLUsers" time="0.115"/>
  <testcase classname="api_test.SimplePatchTest" name="updateUserSingleField" time="0.423"/>
  <testcase classname="api_test.SimplePostTest" name="createNewUser" time="0.422"/>
  <testcase classname="api_test.SimplePutTest" name="updateUserFields" time="0.361"/>
</testsuite> <!-- api_test -->
