<?xml version="1.0" encoding="UTF-8"?>
<!-- Generated by org.testng.reporters.JUnitXMLReporter -->
<testsuite ignored="0" hostname="LAPTOP-PG9U9RD9" failures="0" tests="4" name="mortgage_calculator" time="26.619" errors="0" timestamp="2021-08-11T22:11:03 EDT">
  <testcase classname="automation_test.mortgage_calculator_parameterized.CalculateMonthlyPaymentParameterized" name="calculateMonthlyPayment" time="5.171"/>
  <testcase classname="automation_test.mortgage_calculator.CalculateMonthlyPayment" name="calculateMonthlyPayment" time="2.351"/>
  <testcase classname="automation_test.mortgage_calculator_parameterized.CalculateRates_Parameterized" name="calculateRealApr" time="2.819"/>
  <testcase classname="automation_test.mortgage_calculator.CalculateRates" name="calculateRealApr" time="2.886"/>
</testsuite> <!-- mortgage_calculator -->
