<?xml version="1.0" encoding="UTF-8"?>
<testsuite xmlns:xsi="http://www.w3.org/2001/XMLSchema-instance" xsi:noNamespaceSchemaLocation="https://maven.apache.org/surefire/maven-surefire-plugin/xsd/surefire-test-report-3.0.xsd" version="3.0" name="TestSuite" time="33.119" tests="13" errors="0" skipped="0" failures="0">
  <properties>
[...]
</properties>
  <testcase name="calculateMonthlyPayment" classname="automation_test.mortgage_calculator_parameterized.CalculateMonthlyPaymentParameterized" time="5.135">
    <system-out><![CDATA[22:10:38.818 [main] INFO  automation_test.mortgage_calculator_parameterized.CalculateMonthlyPaymentParameterized - ---------- Start Test (CalculateMonthlyPayment) --------------
22:10:40.362 [main] INFO  automation_test.mortgage_calculator_parameterized.CalculateMonthlyPaymentParameterized - Browser is successfully initiated with the URL: https://www.mortgagecalculator.org/
22:10:40.608 [main] INFO  utilities.SqlConnector - Connected to the PostgreSQL server successfully
22:10:40.620 [main] INFO  automation_test.mortgage_calculator_parameterized.CalculateMonthlyPaymentParameterized - ----------Start of new 1 Iteration----------
22:10:43.131 [main] INFO  automation_test.mortgage_calculator_parameterized.CalculateMonthlyPaymentParameterized - ----------Start of new 2 Iteration----------
]]></system-out>
    <system-err><![CDATA[SLF4J: Failed to load class "org.slf4j.impl.StaticLoggerBinder".
SLF4J: Defaulting to no-operation (NOP) logger implementation
SLF4J: See http://www.slf4j.org/codes.html#StaticLoggerBinder for further details.
Starting ChromeDriver 92.0.4515.107 (87a818b10553a07434ea9e2b6dccf3cbe7895134-refs/branch-heads/4515@{#1634}) on port 42395
Only local connections are allowed.
Please see https://chromedriver.chromium.org/security-considerations for suggestions on keeping ChromeDriver safe.
ChromeDriver was started successfully.
Aug 11, 2021 10:10:38 PM org.openqa.selenium.remote.ProtocolHandshake createSession
INFO: Detected dialect: W3C
]]></system-err>
  </testcase>
  <testcase name="calculateMonthlyPayment" classname="automation_test.mortgage_calculator.CalculateMonthlyPayment" time="2.335">
    <system-out><![CDATA[22:10:46.251 [main] INFO  automation_test.mortgage_calculator_parameterized.CalculateMonthlyPaymentParameterized - Browser is closed
22:10:46.251 [main] INFO  automation_test.mortgage_calculator_parameterized.CalculateMonthlyPaymentParameterized - == End Test (CalculateMonthlyPayment ==)
22:10:47.256 [main] INFO  automation_test.mortgage_calculator.CalculateMonthlyPayment - ---------- Start Test (CalculateMonthlyPayment) --------------
22:10:48.685 [main] INFO  automation_test.mortgage_calculator.CalculateMonthlyPayment - Browser is successfully initiated with the URL: https://www.mortgagecalculator.org/
]]></system-out>
    <system-err><![CDATA[Starting ChromeDriver 92.0.4515.107 (87a818b10553a07434ea9e2b6dccf3cbe7895134-refs/branch-heads/4515@{#1634}) on port 2173
Only local connections are allowed.
Please see https://chromedriver.chromium.org/security-considerations for suggestions on keeping ChromeDriver safe.
ChromeDriver was started successfully.
Aug 11, 2021 10:10:47 PM org.openqa.selenium.remote.ProtocolHandshake createSession
INFO: Detected dialect: W3C
]]></system-err>
  </testcase>
  <testcase name="calculateRealApr[200000, 15000, 3, 3.130%](1)" classname="automation_test.mortgage_calculator_parameterized.CalculateRates_Parameterized" time="2.803">
    <system-out><![CDATA[22:10:51.680 [main] INFO  automation_test.mortgage_calculator.CalculateMonthlyPayment - Browser is closed
22:10:51.680 [main] INFO  automation_test.mortgage_calculator.CalculateMonthlyPayment - == End Test (CalculateMonthlyPayment ==)
22:10:52.672 [main] INFO  automation_test.mortgage_calculator_parameterized.CalculateRates_Parameterized - ---------- Start Test (CalculateRates) --------------
22:10:53.911 [main] INFO  automation_test.mortgage_calculator_parameterized.CalculateRates_Parameterized - Browser is successfully initiated with the URL: https://www.mortgagecalculator.org/
]]></system-out>
    <system-err><![CDATA[Starting ChromeDriver 92.0.4515.107 (87a818b10553a07434ea9e2b6dccf3cbe7895134-refs/branch-heads/4515@{#1634}) on port 21864
Only local connections are allowed.
Please see https://chromedriver.chromium.org/security-considerations for suggestions on keeping ChromeDriver safe.
ChromeDriver was started successfully.
Aug 11, 2021 10:10:52 PM org.openqa.selenium.remote.ProtocolHandshake createSession
INFO: Detected dialect: W3C
]]></system-err>
  </testcase>
  <testcase name="calculateRealApr" classname="automation_test.mortgage_calculator.CalculateRates" time="2.871">
    <system-out><![CDATA[22:10:57.356 [main] INFO  automation_test.mortgage_calculator_parameterized.CalculateRates_Parameterized - == End Test (CalculateRates ==)
22:10:58.365 [main] INFO  automation_test.mortgage_calculator.CalculateRates - ---------- Start Test (CalculateRates) --------------
22:10:59.728 [main] INFO  automation_test.mortgage_calculator.CalculateRates - Browser is successfully initiated with the URL: https://www.mortgagecalculator.org/
]]></system-out>
    <system-err><![CDATA[Starting ChromeDriver 92.0.4515.107 (87a818b10553a07434ea9e2b6dccf3cbe7895134-refs/branch-heads/4515@{#1634}) on port 21798
Only local connections are allowed.
Please see https://chromedriver.chromium.org/security-considerations for suggestions on keeping ChromeDriver safe.
ChromeDriver was started successfully.
Aug 11, 2021 10:10:58 PM org.openqa.selenium.remote.ProtocolHandshake createSession
INFO: Detected dialect: W3C
]]></system-err>
  </testcase>
  <testcase name="verifyHomePageTitle" classname="automation_test.php_travel.ValidatePHPTravelWebTitle" time="0">
    <system-out><![CDATA[22:11:03.272 [main] INFO  automation_test.mortgage_calculator.CalculateRates - Browser is closed
22:11:03.272 [main] INFO  automation_test.mortgage_calculator.CalculateRates - == End Test (CalculateRates ==)
22:11:04.279 [main] INFO  automation_test.mortgage_calculator.CalculateMonthlyPayment - ---------- Start Test (ValidatePHPTravelWebTitle) --------------
22:11:05.140 [main] INFO  automation_test.mortgage_calculator.CalculateMonthlyPayment - Browser is successfully initiated with the URL: https://phptravels.com/demo/
]]></system-out>
    <system-err><![CDATA[Starting ChromeDriver 92.0.4515.107 (87a818b10553a07434ea9e2b6dccf3cbe7895134-refs/branch-heads/4515@{#1634}) on port 11054
Only local connections are allowed.
Please see https://chromedriver.chromium.org/security-considerations for suggestions on keeping ChromeDriver safe.
ChromeDriver was started successfully.
Aug 11, 2021 10:11:04 PM org.openqa.selenium.remote.ProtocolHandshake createSession
INFO: Detected dialect: W3C
]]></system-err>
  </testcase>
  <testcase name="attemptToGetUserWithInvalidId" classname="api_test.GetTestWithPathVariable" time="1.103">
    <system-out><![CDATA[22:11:05.780 [main] INFO  automation_test.mortgage_calculator.CalculateMonthlyPayment - Browser is closed
22:11:05.780 [main] INFO  automation_test.mortgage_calculator.CalculateMonthlyPayment - == End Test (ValidatePHPTravelWebTitle)==
22:11:05.783 [main] INFO  api_test.GetTestWithPathVariable - ----------API Test: Attempt to retrieve User with invalid id
22:11:06.901 [main] INFO  api_test.GetTestWithPathVariable - ----------End Test: Attempt to retrieve User with invalid id
]]></system-out>
  </testcase>
  <testcase name="getSingleUser" classname="api_test.GetTestWithPathVariable" time="0.532">
    <system-out><![CDATA[22:11:06.901 [main] INFO  api_test.GetTestWithPathVariable - ----------API Test: Read(GET) Single User with Path Variable
22:11:07.433 [main] INFO  api_test.GetTestWithPathVariable - ----------End Test: Read(GET) Single Users with Path Variable
]]></system-out>
  </testcase>
  <testcase name="getUsersWithQueryParameter" classname="api_test.GetTestWithQueryParameter" time="0.117">
    <system-out><![CDATA[22:11:07.433 [main] INFO  api_test.GetTestWithQueryParameter - ----------API Test: Read(GET) ALL Users with Query Parameter
22:11:07.550 [main] INFO  api_test.GetTestWithQueryParameter - ----------End Test: Read(GET) All Users with Query Parameter
]]></system-out>
  </testcase>
  <testcase name="deleteSingleUsers" classname="api_test.SimpleDeleteTest" time="0.316">
    <system-out><![CDATA[22:11:07.550 [main] INFO  api_test.SimpleDeleteTest - ----------API Test: Delete Users
22:11:07.850 [main] INFO  api_test.SimpleDeleteTest - ----------End Test: Delete Users
]]></system-out>
  </testcase>
  <testcase name="getALLUsers" classname="api_test.SimpleGetTest" time="0.115">
    <system-out><![CDATA[22:11:07.866 [main] INFO  api_test.SimpleGetTest - ----------API Test: Read(GET) ALL Users
22:11:07.966 [main] INFO  api_test.SimpleGetTest - ----------End Test: Read(GET) All Users
]]></system-out>
  </testcase>
  <testcase name="updateUserSingleField" classname="api_test.SimplePatchTest" time="0.37">
    <system-out><![CDATA[22:11:07.966 [main] INFO  api_test.SimplePatchTest - ----------API Test: Update(Patch) User's single field
22:11:08.351 [main] INFO  api_test.SimplePatchTest - ----------End Test: Update(Patch) User's single field
]]></system-out>
  </testcase>
  <testcase name="createNewUser" classname="api_test.SimplePostTest" time="0.317">
    <system-out><![CDATA[22:11:08.351 [main] INFO  api_test.SimpleGetTest - ----------API Test: Create New Users
22:11:08.652 [main] INFO  api_test.SimpleGetTest - ----------End Test: Create New Users
]]></system-out>
  </testcase>
  <testcase name="updateUserFields" classname="api_test.SimplePutTest" time="0.315">
    <system-out><![CDATA[22:11:08.652 [main] INFO  api_test.SimplePutTest - ----------API Test: Update(PUT) Users fields
22:11:08.968 [main] INFO  api_test.SimplePutTest - ----------End Test: Update(PUT) Users fields
]]></system-out>
  </testcase>
</testsuite>