<?xml version="1.0" encoding="UTF-8"?>
<testng-results ignored="0" total="8" passed="8" failed="0" skipped="0">
  <reporter-output>
  </reporter-output>
  <suite started-at="2021-08-20T02:02:44 EDT" name="test_automation" finished-at="2021-08-20T02:02:48 EDT" duration-ms="4075">
    <groups>
    </groups>
    <test started-at="2021-08-20T02:02:44 EDT" name="api_test" finished-at="2021-08-20T02:02:48 EDT" duration-ms="4075">
      <class name="api_test.SimplePostTest">
        <test-method signature="createNewUser()[pri:0, instance:api_test.SimplePostTest@67427b69]" started-at="2021-08-20T02:02:48 EDT" name="createNewUser" finished-at="2021-08-20T02:02:48 EDT" duration-ms="422" status="PASS">
          <reporter-output>
          </reporter-output>
        </test-method> <!-- createNewUser -->
      </class> <!-- api_test.SimplePostTest -->
      <class name="api_test.SimpleGetTest">
        <test-method signature="getALLUsers()[pri:0, instance:api_test.SimpleGetTest@70ab80e3]" started-at="2021-08-20T02:02:47 EDT" name="getALLUsers" finished-at="2021-08-20T02:02:47 EDT" duration-ms="115" status="PASS">
          <reporter-output>
          </reporter-output>
        </test-method> <!-- getALLUsers -->
      </class> <!-- api_test.SimpleGetTest -->
      <class name="api_test.SimplePatchTest">
        <test-method signature="updateUserSingleField()[pri:0, instance:api_test.SimplePatchTest@9573b3b]" started-at="2021-08-20T02:02:47 EDT" name="updateUserSingleField" finished-at="2021-08-20T02:02:48 EDT" duration-ms="423" status="PASS">
          <reporter-output>
          </reporter-output>
        </test-method> <!-- updateUserSingleField -->
      </class> <!-- api_test.SimplePatchTest -->
      <class name="api_test.SimplePutTest">
        <test-method signature="updateUserFields()[pri:0, instance:api_test.SimplePutTest@64f857e7]" started-at="2021-08-20T02:02:48 EDT" name="updateUserFields" finished-at="2021-08-20T02:02:48 EDT" duration-ms="361" status="PASS">
          <reporter-output>
          </reporter-output>
        </test-method> <!-- updateUserFields -->
      </class> <!-- api_test.SimplePutTest -->
      <class name="api_test.SimpleDeleteTest">
        <test-method signature="deleteSingleUsers()[pri:0, instance:api_test.SimpleDeleteTest@ca27722]" started-at="2021-08-20T02:02:47 EDT" name="deleteSingleUsers" finished-at="2021-08-20T02:02:47 EDT" duration-ms="277" status="PASS">
          <reporter-output>
          </reporter-output>
        </test-method> <!-- deleteSingleUsers -->
      </class> <!-- api_test.SimpleDeleteTest -->
      <class name="api_test.GetTestWithQueryParameter">
        <test-method signature="getUsersWithQueryParameter()[pri:0, instance:api_test.GetTestWithQueryParameter@23a9ba52]" started-at="2021-08-20T02:02:47 EDT" name="getUsersWithQueryParameter" finished-at="2021-08-20T02:02:47 EDT" duration-ms="128" status="PASS">
          <reporter-output>
          </reporter-output>
        </test-method> <!-- getUsersWithQueryParameter -->
      </class> <!-- api_test.GetTestWithQueryParameter -->
      <class name="api_test.GetTestWithPathVariable">
        <test-method signature="attemptToGetUserWithInvalidId()[pri:0, instance:api_test.GetTestWithPathVariable@61edc883]" started-at="2021-08-20T02:02:44 EDT" name="attemptToGetUserWithInvalidId" finished-at="2021-08-20T02:02:46 EDT" duration-ms="1706" status="PASS">
          <reporter-output>
          </reporter-output>
        </test-method> <!-- attemptToGetUserWithInvalidId -->
        <test-method signature="getSingleUser()[pri:0, instance:api_test.GetTestWithPathVariable@61edc883]" started-at="2021-08-20T02:02:46 EDT" name="getSingleUser" finished-at="2021-08-20T02:02:47 EDT" duration-ms="486" status="PASS">
          <reporter-output>
          </reporter-output>
        </test-method> <!-- getSingleUser -->
      </class> <!-- api_test.GetTestWithPathVariable -->
    </test> <!-- api_test -->
  </suite> <!-- test_automation -->
</testng-results>
