<?xml version="1.0" encoding="UTF-8"?>
<testsuite xmlns:xsi="http://www.w3.org/2001/XMLSchema-instance" xsi:noNamespaceSchemaLocation="https://maven.apache.org/surefire/maven-surefire-plugin/xsd/surefire-test-report-3.0.xsd" version="3.0" name="TestSuite" time="3.675" tests="6" errors="0" skipped="4" failures="2">
  <properties>
[...]
</properties>
  <testcase name="browserInitialization" classname="automation_test.mortgage_calculator.CalculateRates" time="2.409">
    <failure message="null value in entry: url=null" type="java.lang.NullPointerException"><![CDATA[java.lang.NullPointerException: null value in entry: url=null
	at automation_test.mortgage_calculator.CalculateRates.browserInitialization(CalculateRates.java:25)
]]></failure>
    <system-out><![CDATA[18:42:01.597 [main] INFO  automation_test.mortgage_calculator.CalculateRates - ---------- Start Test (CalculateRates) --------------
]]></system-out>
    <system-err><![CDATA[SLF4J: Failed to load class "org.slf4j.impl.StaticLoggerBinder".
SLF4J: Defaulting to no-operation (NOP) logger implementation
SLF4J: See http://www.slf4j.org/codes.html#StaticLoggerBinder for further details.
Starting ChromeDriver 92.0.4515.107 (87a818b10553a07434ea9e2b6dccf3cbe7895134-refs/branch-heads/4515@{#1634}) on port 34745
Only local connections are allowed.
Please see https://chromedriver.chromium.org/security-considerations for suggestions on keeping ChromeDriver safe.
ChromeDriver was started successfully.
Aug 21, 2021 6:42:01 PM org.openqa.selenium.remote.ProtocolHandshake createSession
INFO: Detected dialect: W3C
]]></system-err>
  </testcase>
  <testcase name="calculateRealApr" classname="automation_test.mortgage_calculator.CalculateRates" time="0">
    <skipped message="null value in entry: url=null"/>
  </testcase>
  <testcase name="testCleanUp" classname="automation_test.mortgage_calculator.CalculateRates" time="0">
    <skipped/>
  </testcase>
  <testcase name="browserInitializations" classname="automation_test.mortgage_calculator.CalculateMonthlyPayment" time="1.108">
    <failure message="null value in entry: url=null" type="java.lang.NullPointerException"><![CDATA[java.lang.NullPointerException: null value in entry: url=null
	at automation_test.mortgage_calculator.CalculateMonthlyPayment.browserInitializations(CalculateMonthlyPayment.java:29)
]]></failure>
    <system-out><![CDATA[18:42:02.840 [main] INFO  automation_test.mortgage_calculator.CalculateMonthlyPayment - ---------- Start Test (CalculateMonthlyPayment) --------------
]]></system-out>
    <system-err><![CDATA[Starting ChromeDriver 92.0.4515.107 (87a818b10553a07434ea9e2b6dccf3cbe7895134-refs/branch-heads/4515@{#1634}) on port 8201
Only local connections are allowed.
Please see https://chromedriver.chromium.org/security-considerations for suggestions on keeping ChromeDriver safe.
ChromeDriver was started successfully.
Aug 21, 2021 6:42:02 PM org.openqa.selenium.remote.ProtocolHandshake createSession
INFO: Detected dialect: W3C
]]></system-err>
  </testcase>
  <testcase name="calculateMonthlyPayment" classname="automation_test.mortgage_calculator.CalculateMonthlyPayment" time="0">
    <skipped message="null value in entry: url=null"/>
  </testcase>
  <testcase name="testCleanUp" classname="automation_test.mortgage_calculator.CalculateMonthlyPayment" time="0">
    <skipped/>
  </testcase>
</testsuite>